Start testing: Nov 25 16:24 CET
----------------------------------------------------------
1/1 Testing: CommonPthreadError
1/1 Test: CommonPthreadError
Command: "/usr/bin/perl" "/home/raphael/ENSIMAG/2A/SEPC/tp_thread/C/tests/pthcocci.pl"
Directory: /home/raphael/ENSIMAG/2A/SEPC/tp_thread/C/build
"CommonPthreadError" start time: Nov 25 16:24 CET
Output:
----------------------------------------------------------
sh: 1: spatch: not found
Can't exec "spatch": Aucun fichier ou dossier de ce nom at /home/raphael/ENSIMAG/2A/SEPC/tp_thread/C/tests/pthcocci.pl line 17.
<end of output>
Test time =   0.01 sec
----------------------------------------------------------
Test Passed.
"CommonPthreadError" end time: Nov 25 16:24 CET
"CommonPthreadError" time elapsed: 00:00:00
----------------------------------------------------------

End testing: Nov 25 16:24 CET
